<?xml version="1.0" encoding="UTF-8"?>
<testsuite name="com.trello.qa.tests.BoardsCreationTest" tests="1" skipped="0" failures="0" errors="0" timestamp="2019-12-21T14:42:14" hostname="dmitriyM1530" time="51.949">
  <properties/>
  <testcase name="testCreationBoardsFromHomePage" classname="com.trello.qa.tests.BoardsCreationTest" time="51.949"/>
  <system-out><![CDATA[]]></system-out>
  <system-err><![CDATA[]]></system-err>
</testsuite>
