<?xml version="1.0" encoding="UTF-8"?>
<testsuite name="com.trello.qa.tests.TeamCreationTests" tests="9" skipped="0" failures="0" errors="0" timestamp="2019-12-27T12:56:42" hostname="dmitriyM1530" time="93.498">
  <properties/>
  <testcase name="testCreateBoardFromButtonPlusLeftFromCsv[0](com.trello.qa.manager.TeamData@38dd47b4)" classname="com.trello.qa.tests.TeamCreationTests" time="8.078"/>
  <testcase name="testCreateBoardFromButtonPlusLeftFromCsv[1](com.trello.qa.manager.TeamData@734f7a6d)" classname="com.trello.qa.tests.TeamCreationTests" time="9.044"/>
  <testcase name="testTeamCreationFromButtonOnHeaderDataProvider[0](name, description)" classname="com.trello.qa.tests.TeamCreationTests" time="12.771"/>
  <testcase name="testTeamCreationFromButtonOnHeaderDataProvider[1](NAME, DESC)" classname="com.trello.qa.tests.TeamCreationTests" time="12.191"/>
  <testcase name="testTeamCreationFromButtonOnHeaderDataProvider[2](6546, 988)" classname="com.trello.qa.tests.TeamCreationTests" time="12.894"/>
  <testcase name="testTeamCreationFromButtonOnHeaderDataProvider[3](%^$, )897)" classname="com.trello.qa.tests.TeamCreationTests" time="13.103"/>
  <testcase name="testTeamCreationFromButtonOnHeaderDataProvider[4](%^$, )" classname="com.trello.qa.tests.TeamCreationTests" time="12.338"/>
  <testcase name="testTeamCreationFromButtonOnHeaderDataProviderFromCsv[0](com.trello.qa.manager.TeamData@4aae9a36)" classname="com.trello.qa.tests.TeamCreationTests" time="5.905"/>
  <testcase name="testTeamCreationFromButtonOnHeaderDataProviderFromCsv[1](com.trello.qa.manager.TeamData@6d9b0580)" classname="com.trello.qa.tests.TeamCreationTests" time="5.704"/>
  <system-out><![CDATA[testTeamCreationFromButtonOnHeader beforeCountTeams = 31
32 = 32
testTeamCreationFromButtonOnHeader beforeCountTeams = 32
33 = 33
testTeamCreationFromButtonOnHeader beforeCountTeams = 33
testTeamCreationFromButtonOnHeader afterCountTeams = 34
testTeamCreationFromButtonOnHeader beforeCountTeams = 34
testTeamCreationFromButtonOnHeader afterCountTeams = 35
testTeamCreationFromButtonOnHeader beforeCountTeams = 35
testTeamCreationFromButtonOnHeader afterCountTeams = 36
testTeamCreationFromButtonOnHeader beforeCountTeams = 36
testTeamCreationFromButtonOnHeader afterCountTeams = 37
testTeamCreationFromButtonOnHeader beforeCountTeams = 37
testTeamCreationFromButtonOnHeader afterCountTeams = 38
testTeamCreationFromButtonOnHeader beforeCountTeams = 38
testTeamCreationFromButtonOnHeader afterCountTeams = 39
testTeamCreationFromButtonOnHeader beforeCountTeams = 39
testTeamCreationFromButtonOnHeader afterCountTeams = 40
]]></system-out>
  <system-err><![CDATA[]]></system-err>
</testsuite>
