<?xml version="1.0" encoding="UTF-8"?>
<testsuite name="com.trello.qa.tests.TeamDeletionTests" tests="1" skipped="0" failures="0" errors="0" timestamp="2019-12-26T20:01:55" hostname="dmitriyM1530" time="96.825">
  <properties/>
  <testcase name="deleteAllTeamFromLeftNavMenu" classname="com.trello.qa.tests.TeamDeletionTests" time="96.825"/>
  <system-out><![CDATA[9
amount deleted  9
0
]]></system-out>
  <system-err><![CDATA[]]></system-err>
</testsuite>
